C:\USERS\MY\DESKTOP\עידן+\עידן\FMS_DLL\DEBUG\EXPORTFUNC.OBJ
C:\USERS\MY\DESKTOP\עידן+\עידן\FMS_DLL\DEBUG\VC110.PDB
C:\Users\my\Desktop\עידן+\עידן\Debug\FMS_DLL.lib
C:\Users\my\Desktop\עידן+\עידן\Debug\FMS_DLL.exp
C:\USERS\MY\DESKTOP\עידן+\עידן\DEBUG\FMS_DLL.ILK
C:\USERS\MY\DESKTOP\עידן+\עידן\DEBUG\FMS_DLL.DLL
C:\USERS\MY\DESKTOP\עידן+\עידן\DEBUG\FMS_DLL.PDB
C:\Users\my\Desktop\עידן+\עידן\FMS_DLL\Debug\FMS_DLL.vcxprojResolveAssemblyReference.cache
C:\Users\my\Desktop\עידן+\עידן\FMS_DLL\Debug\exportFunc.obj
C:\Users\my\Desktop\עידן+\עידן\FMS_DLL\Debug\cl.command.1.tlog
C:\Users\my\Desktop\עידן+\עידן\FMS_DLL\Debug\CL.read.1.tlog
C:\Users\my\Desktop\עידן+\עידן\FMS_DLL\Debug\CL.write.1.tlog
C:\Users\my\Desktop\עידן+\עידן\FMS_DLL\Debug\FMS_DLL.write.1.tlog
C:\Users\my\Desktop\עידן+\עידן\FMS_DLL\Debug\link-cvtres.read.1.tlog
C:\Users\my\Desktop\עידן+\עידן\FMS_DLL\Debug\link-cvtres.write.1.tlog
C:\Users\my\Desktop\עידן+\עידן\FMS_DLL\Debug\link-rc.read.1.tlog
C:\Users\my\Desktop\עידן+\עידן\FMS_DLL\Debug\link-rc.write.1.tlog
C:\Users\my\Desktop\עידן+\עידן\FMS_DLL\Debug\link.command.1.tlog
C:\Users\my\Desktop\עידן+\עידן\FMS_DLL\Debug\link.read.1.tlog
C:\Users\my\Desktop\עידן+\עידן\FMS_DLL\Debug\link.write.1.tlog
C:\Users\my\Desktop\עידן+\עידן\FMS_DLL\Debug\vc110.idb
C:\Users\my\Desktop\עידן+\עידן\FMS_DLL\Debug\vc110.pdb
C:\Users\my\Desktop\עידן+\עידן\Debug\FMS_DLL.pdb
C:\Users\my\Desktop\עידן+\עידן\Debug\FMS_DLL.dll
C:\Users\my\Desktop\עידן+\עידן\Debug\FMS_DLL.ilk
