C:\USERS\MY\DESKTOP\עידן+\עידן\FMS_5773_200699452\DEBUG\HASHFILE.OBJ
C:\USERS\MY\DESKTOP\עידן+\עידן\FMS_5773_200699452\DEBUG\HASHVALUE.OBJ
C:\USERS\MY\DESKTOP\עידן+\עידן\FMS_5773_200699452\DEBUG\LOGICALBLOCK.OBJ
C:\USERS\MY\DESKTOP\עידן+\עידן\FMS_5773_200699452\DEBUG\LOGICALFILEHEADER.OBJ
C:\USERS\MY\DESKTOP\עידן+\עידן\FMS_5773_200699452\DEBUG\MAIN.OBJ
C:\USERS\MY\DESKTOP\עידן+\עידן\FMS_5773_200699452\DEBUG\PHYSICALBLOCKCLASS.OBJ
C:\USERS\MY\DESKTOP\עידן+\עידן\FMS_5773_200699452\DEBUG\PHYSICALFILECLASS.OBJ
C:\USERS\MY\DESKTOP\עידן+\עידן\FMS_5773_200699452\DEBUG\VC110.PDB
C:\USERS\MY\DESKTOP\עידן+\עידן\DEBUG\FMS_5773_200699452.LIB
C:\Users\my\Desktop\עידן+\עידן\FMS_5773_200699452\Debug\hashfile.obj
C:\Users\my\Desktop\עידן+\עידן\FMS_5773_200699452\Debug\HashValue.obj
C:\Users\my\Desktop\עידן+\עידן\FMS_5773_200699452\Debug\LogicalBlock.obj
C:\Users\my\Desktop\עידן+\עידן\FMS_5773_200699452\Debug\LogicalFileHeader.obj
C:\Users\my\Desktop\עידן+\עידן\FMS_5773_200699452\Debug\main.obj
C:\Users\my\Desktop\עידן+\עידן\FMS_5773_200699452\Debug\PhysicalBlockclass.obj
C:\Users\my\Desktop\עידן+\עידן\FMS_5773_200699452\Debug\PhysicalFileClass.obj
C:\Users\my\Desktop\עידן+\עידן\FMS_5773_200699452\Debug\cl.command.1.tlog
C:\Users\my\Desktop\עידן+\עידן\FMS_5773_200699452\Debug\CL.read.1.tlog
C:\Users\my\Desktop\עידן+\עידן\FMS_5773_200699452\Debug\CL.write.1.tlog
C:\Users\my\Desktop\עידן+\עידן\FMS_5773_200699452\Debug\Lib-link.read.1.tlog
C:\Users\my\Desktop\עידן+\עידן\FMS_5773_200699452\Debug\Lib-link.write.1.tlog
C:\Users\my\Desktop\עידן+\עידן\FMS_5773_200699452\Debug\lib.command.1.tlog
C:\Users\my\Desktop\עידן+\עידן\FMS_5773_200699452\Debug\vc110.idb
C:\Users\my\Desktop\עידן+\עידן\FMS_5773_200699452\Debug\vc110.pdb
C:\Users\my\Desktop\עידן+\עידן\Debug\FMS_5773_200699452.lib
